  Board.cpp
C:\SFML\3.0.0\include\SFML\System\Exception.hpp(41,47): warning C4275: non dll-interface class 'std::runtime_error' used as base for dll-interface class 'sf::Exception'
  (compiling source file 'Board.cpp')
  C:\Program Files\Microsoft Visual Studio\2022\Community\VC\Tools\MSVC\14.39.33519\include\stdexcept(100,19):
  see declaration of 'std::runtime_error'
  C:\SFML\3.0.0\include\SFML\System\Exception.hpp(41,23):
  see declaration of 'sf::Exception'
  
  BoardParser.cpp
C:\SFML\3.0.0\include\SFML\System\Exception.hpp(41,47): warning C4275: non dll-interface class 'std::runtime_error' used as base for dll-interface class 'sf::Exception'
  (compiling source file 'BoardParser.cpp')
  C:\Program Files\Microsoft Visual Studio\2022\Community\VC\Tools\MSVC\14.39.33519\include\stdexcept(100,19):
  see declaration of 'std::runtime_error'
  C:\SFML\3.0.0\include\SFML\System\Exception.hpp(41,23):
  see declaration of 'sf::Exception'
  
  Chess261102.cpp
C:\SFML\3.0.0\include\SFML\System\Exception.hpp(41,47): warning C4275: non dll-interface class 'std::runtime_error' used as base for dll-interface class 'sf::Exception'
  (compiling source file 'Chess261102.cpp')
  C:\Program Files\Microsoft Visual Studio\2022\Community\VC\Tools\MSVC\14.39.33519\include\stdexcept(100,19):
  see declaration of 'std::runtime_error'
  C:\SFML\3.0.0\include\SFML\System\Exception.hpp(41,23):
  see declaration of 'sf::Exception'
  
  Engine.cpp
C:\SFML\3.0.0\include\SFML\System\Exception.hpp(41,47): warning C4275: non dll-interface class 'std::runtime_error' used as base for dll-interface class 'sf::Exception'
  (compiling source file 'Engine.cpp')
  C:\Program Files\Microsoft Visual Studio\2022\Community\VC\Tools\MSVC\14.39.33519\include\stdexcept(100,19):
  see declaration of 'std::runtime_error'
  C:\SFML\3.0.0\include\SFML\System\Exception.hpp(41,23):
  see declaration of 'sf::Exception'
  
  GameManager.cpp
C:\SFML\3.0.0\include\SFML\System\Exception.hpp(41,47): warning C4275: non dll-interface class 'std::runtime_error' used as base for dll-interface class 'sf::Exception'
  (compiling source file 'GameManager.cpp')
  C:\Program Files\Microsoft Visual Studio\2022\Community\VC\Tools\MSVC\14.39.33519\include\stdexcept(100,19):
  see declaration of 'std::runtime_error'
  C:\SFML\3.0.0\include\SFML\System\Exception.hpp(41,23):
  see declaration of 'sf::Exception'
  
  Input.cpp
C:\SFML\3.0.0\include\SFML\System\Exception.hpp(41,47): warning C4275: non dll-interface class 'std::runtime_error' used as base for dll-interface class 'sf::Exception'
  (compiling source file 'Input.cpp')
  C:\Program Files\Microsoft Visual Studio\2022\Community\VC\Tools\MSVC\14.39.33519\include\stdexcept(100,19):
  see declaration of 'std::runtime_error'
  C:\SFML\3.0.0\include\SFML\System\Exception.hpp(41,23):
  see declaration of 'sf::Exception'
  
  Piece.cpp
C:\SFML\3.0.0\include\SFML\System\Exception.hpp(41,47): warning C4275: non dll-interface class 'std::runtime_error' used as base for dll-interface class 'sf::Exception'
  (compiling source file 'Piece.cpp')
  C:\Program Files\Microsoft Visual Studio\2022\Community\VC\Tools\MSVC\14.39.33519\include\stdexcept(100,19):
  see declaration of 'std::runtime_error'
  C:\SFML\3.0.0\include\SFML\System\Exception.hpp(41,23):
  see declaration of 'sf::Exception'
  
  Rule.cpp
C:\SFML\3.0.0\include\SFML\System\Exception.hpp(41,47): warning C4275: non dll-interface class 'std::runtime_error' used as base for dll-interface class 'sf::Exception'
  (compiling source file 'Rule.cpp')
  C:\Program Files\Microsoft Visual Studio\2022\Community\VC\Tools\MSVC\14.39.33519\include\stdexcept(100,19):
  see declaration of 'std::runtime_error'
  C:\SFML\3.0.0\include\SFML\System\Exception.hpp(41,23):
  see declaration of 'sf::Exception'
  
  Generating Code...
  Chess261102.vcxproj -> C:\VS Projects\+COMP PROG - 261102\Project\Chess261102a\261102-Chess-Project\x64\Debug\Chess261102.exe
